  BinaryTree.cpp
c:\users\s182212\desktop\aiebootstrap-master\binary tree\binarytree.h(20): error C2535: 'void BinaryTree::draw(aie::Renderer2D *,TreeNode *)': member function already defined or declared
  c:\users\s182212\desktop\aiebootstrap-master\binary tree\binarytree.h(14): note: see declaration of 'BinaryTree::draw'
c:\users\s182212\desktop\aiebootstrap-master\binary tree\binarytree.cpp(6): error C2512: 'TreeNode': no appropriate default constructor available
  c:\users\s182212\desktop\aiebootstrap-master\binary tree\treenode.h(5): note: see declaration of 'TreeNode'
c:\users\s182212\desktop\aiebootstrap-master\binary tree\binarytree.cpp(16): error C2664: 'void BinaryTree::draw(aie::Renderer2D *,TreeNode *,int,int,int,TreeNode *)': cannot convert argument 2 from 'TreeNode' to 'TreeNode *'
  c:\users\s182212\desktop\aiebootstrap-master\binary tree\binarytree.cpp(16): note: No user-defined-conversion operator available that can perform this conversion, or the operator cannot be called
c:\users\s182212\desktop\aiebootstrap-master\binary tree\binarytree.cpp(30): error C2440: '=': cannot convert from 'TreeNode' to 'TreeNode *'
  c:\users\s182212\desktop\aiebootstrap-master\binary tree\binarytree.cpp(30): note: No user-defined-conversion operator available that can perform this conversion, or the operator cannot be called
c:\users\s182212\desktop\aiebootstrap-master\binary tree\binarytree.cpp(59): warning C4244: 'argument': conversion from 'int' to 'float', possible loss of data
c:\users\s182212\desktop\aiebootstrap-master\binary tree\binarytree.cpp(65): warning C4244: 'argument': conversion from 'int' to 'float', possible loss of data
  Binary_TreeApp.cpp
c:\users\s182212\desktop\aiebootstrap-master\binary tree\binarytree.h(20): error C2535: 'void BinaryTree::draw(aie::Renderer2D *,TreeNode *)': member function already defined or declared
  c:\users\s182212\desktop\aiebootstrap-master\binary tree\binarytree.h(14): note: see declaration of 'BinaryTree::draw'
c:\users\s182212\desktop\aiebootstrap-master\binary tree\binary_treeapp.cpp(42): error C2653: 'ImGui': is not a class or namespace name
c:\users\s182212\desktop\aiebootstrap-master\binary tree\binary_treeapp.cpp(42): error C3861: 'InputInt': identifier not found
c:\users\s182212\desktop\aiebootstrap-master\binary tree\binary_treeapp.cpp(43): error C2653: 'ImGui': is not a class or namespace name
c:\users\s182212\desktop\aiebootstrap-master\binary tree\binary_treeapp.cpp(43): error C3861: 'ImVec2': identifier not found
c:\users\s182212\desktop\aiebootstrap-master\binary tree\binary_treeapp.cpp(43): error C3861: 'Button': identifier not found
c:\users\s182212\desktop\aiebootstrap-master\binary tree\binary_treeapp.cpp(48): error C2653: 'ImGui': is not a class or namespace name
c:\users\s182212\desktop\aiebootstrap-master\binary tree\binary_treeapp.cpp(48): error C3861: 'ImVec2': identifier not found
c:\users\s182212\desktop\aiebootstrap-master\binary tree\binary_treeapp.cpp(48): error C3861: 'Button': identifier not found
c:\users\s182212\desktop\aiebootstrap-master\binary tree\binary_treeapp.cpp(52): error C2653: 'ImGui': is not a class or namespace name
c:\users\s182212\desktop\aiebootstrap-master\binary tree\binary_treeapp.cpp(52): error C3861: 'ImVec2': identifier not found
c:\users\s182212\desktop\aiebootstrap-master\binary tree\binary_treeapp.cpp(52): error C3861: 'Button': identifier not found
  main.cpp
  TreeNode.cpp
c:\users\s182212\desktop\aiebootstrap-master\binary tree\treenode.cpp(18): error C3861: 'sprintf': identifier not found
c:\users\s182212\desktop\aiebootstrap-master\binary tree\treenode.cpp(21): warning C4244: 'argument': conversion from 'int' to 'float', possible loss of data
c:\users\s182212\desktop\aiebootstrap-master\binary tree\treenode.cpp(27): warning C4244: 'argument': conversion from 'int' to 'float', possible loss of data
c:\users\s182212\desktop\aiebootstrap-master\binary tree\treenode.cpp(29): warning C4244: 'argument': conversion from 'int' to 'float', possible loss of data
  Generating Code...
